This is pdfTeX, Version 3.14159265-2.6-1.40.15 (TeX Live 2015/dev) (preloaded format=pdflatex 2015.10.23)  1 NOV 2015 21:46
entering extended mode
 restricted \write18 enabled.
 %&-line parsing enabled.
**proposal.tex
(./proposal.tex
LaTeX2e <2014/05/01>
Babel <3.9l> and hyphenation patterns for 79 languages loaded.

(/nix/store/628l1kvbpqzarqpggrspryppd8zk54jz-TeXLive-linkdir/texmf-dist/tex/lat
ex/base/article.cls
Document Class: article 2007/10/19 v1.4h Standard LaTeX document class

(/nix/store/628l1kvbpqzarqpggrspryppd8zk54jz-TeXLive-linkdir/texmf-dist/tex/lat
ex/base/size11.clo
File: size11.clo 2007/10/19 v1.4h Standard LaTeX file (size option)
)
\c@part=\count79
\c@section=\count80
\c@subsection=\count81
\c@subsubsection=\count82
\c@paragraph=\count83
\c@subparagraph=\count84
\c@figure=\count85
\c@table=\count86
\abovecaptionskip=\skip41
\belowcaptionskip=\skip42
\bibindent=\dimen102
) (./latexrc.sty
Package: latexrc 

(/nix/store/628l1kvbpqzarqpggrspryppd8zk54jz-TeXLive-linkdir/texmf-dist/tex/lat
ex/amsfonts/amsfonts.sty
Package: amsfonts 2013/01/14 v3.01 Basic AMSFonts support
\@emptytoks=\toks14
\symAMSa=\mathgroup4
\symAMSb=\mathgroup5
LaTeX Font Info:    Overwriting math alphabet `\mathfrak' in version `bold'
(Font)                  U/euf/m/n --> U/euf/b/n on input line 106.
)
(/nix/store/628l1kvbpqzarqpggrspryppd8zk54jz-TeXLive-linkdir/texmf-dist/tex/lat
ex/amsmath/amsmath.sty
Package: amsmath 2013/01/14 v2.14 AMS math features
\@mathmargin=\skip43

For additional information on amsmath, use the `?' option.

(/nix/store/628l1kvbpqzarqpggrspryppd8zk54jz-TeXLive-linkdir/texmf-dist/tex/lat
ex/amsmath/amstext.sty
Package: amstext 2000/06/29 v2.01

(/nix/store/628l1kvbpqzarqpggrspryppd8zk54jz-TeXLive-linkdir/texmf-dist/tex/lat
ex/amsmath/amsgen.sty
File: amsgen.sty 1999/11/30 v2.0
\@emptytoks=\toks15
\ex@=\dimen103
))
(/nix/store/628l1kvbpqzarqpggrspryppd8zk54jz-TeXLive-linkdir/texmf-dist/tex/lat
ex/amsmath/amsbsy.sty
Package: amsbsy 1999/11/29 v1.2d
\pmbraise@=\dimen104
)
(/nix/store/628l1kvbpqzarqpggrspryppd8zk54jz-TeXLive-linkdir/texmf-dist/tex/lat
ex/amsmath/amsopn.sty
Package: amsopn 1999/12/14 v2.01 operator names
)
\inf@bad=\count87
LaTeX Info: Redefining \frac on input line 210.
\uproot@=\count88
\leftroot@=\count89
LaTeX Info: Redefining \overline on input line 306.
\classnum@=\count90
\DOTSCASE@=\count91
LaTeX Info: Redefining \ldots on input line 378.
LaTeX Info: Redefining \dots on input line 381.
LaTeX Info: Redefining \cdots on input line 466.
\Mathstrutbox@=\box26
\strutbox@=\box27
\big@size=\dimen105
LaTeX Font Info:    Redeclaring font encoding OML on input line 566.
LaTeX Font Info:    Redeclaring font encoding OMS on input line 567.
\macc@depth=\count92
\c@MaxMatrixCols=\count93
\dotsspace@=\muskip10
\c@parentequation=\count94
\dspbrk@lvl=\count95
\tag@help=\toks16
\row@=\count96
\column@=\count97
\maxfields@=\count98
\andhelp@=\toks17
\eqnshift@=\dimen106
\alignsep@=\dimen107
\tagshift@=\dimen108
\tagwidth@=\dimen109
\totwidth@=\dimen110
\lineht@=\dimen111
\@envbody=\toks18
\multlinegap=\skip44
\multlinetaggap=\skip45
\mathdisplay@stack=\toks19
LaTeX Info: Redefining \[ on input line 2665.
LaTeX Info: Redefining \] on input line 2666.
)
(/nix/store/628l1kvbpqzarqpggrspryppd8zk54jz-TeXLive-linkdir/texmf-dist/tex/lat
ex/amscls/amsthm.sty
Package: amsthm 2009/07/02 v2.20.1
\thm@style=\toks20
\thm@bodyfont=\toks21
\thm@headfont=\toks22
\thm@notefont=\toks23
\thm@headpunct=\toks24
\thm@preskip=\skip46
\thm@postskip=\skip47
\thm@headsep=\skip48
\dth@everypar=\toks25
)
(/nix/store/628l1kvbpqzarqpggrspryppd8zk54jz-TeXLive-linkdir/texmf-dist/tex/lat
ex/amsfonts/amssymb.sty
Package: amssymb 2013/01/14 v3.01 AMS font symbols
)
(/nix/store/628l1kvbpqzarqpggrspryppd8zk54jz-TeXLive-linkdir/texmf-dist/tex/lat
ex/tools/calc.sty
Package: calc 2007/08/22 v4.3 Infix arithmetic (KKT,FJ)
\calc@Acount=\count99
\calc@Bcount=\count100
\calc@Adimen=\dimen112
\calc@Bdimen=\dimen113
\calc@Askip=\skip49
\calc@Bskip=\skip50
LaTeX Info: Redefining \setlength on input line 75.
LaTeX Info: Redefining \addtolength on input line 76.
\calc@Ccount=\count101
\calc@Cskip=\skip51
)
(/nix/store/628l1kvbpqzarqpggrspryppd8zk54jz-TeXLive-linkdir/texmf-dist/tex/lat
ex/cancel/cancel.sty
Package: cancel 2013/04/12 v2.2 Cancel math terms
)
(/nix/store/628l1kvbpqzarqpggrspryppd8zk54jz-TeXLive-linkdir/texmf-dist/tex/lat
ex/preprint/fullpage.sty
Package: fullpage 1999/02/23 1.1 (PWD)
\FP@margin=\skip52
)
(/nix/store/628l1kvbpqzarqpggrspryppd8zk54jz-TeXLive-linkdir/texmf-dist/tex/lat
ex/pgf/frontendlayer/tikz.sty
(/nix/store/628l1kvbpqzarqpggrspryppd8zk54jz-TeXLive-linkdir/texmf-dist/tex/lat
ex/pgf/basiclayer/pgf.sty
(/nix/store/628l1kvbpqzarqpggrspryppd8zk54jz-TeXLive-linkdir/texmf-dist/tex/lat
ex/pgf/utilities/pgfrcs.sty
(/nix/store/628l1kvbpqzarqpggrspryppd8zk54jz-TeXLive-linkdir/texmf-dist/tex/gen
eric/pgf/utilities/pgfutil-common.tex
\pgfutil@everybye=\toks26
\pgfutil@tempdima=\dimen114
\pgfutil@tempdimb=\dimen115

(/nix/store/628l1kvbpqzarqpggrspryppd8zk54jz-TeXLive-linkdir/texmf-dist/tex/gen
eric/pgf/utilities/pgfutil-common-lists.tex))
(/nix/store/628l1kvbpqzarqpggrspryppd8zk54jz-TeXLive-linkdir/texmf-dist/tex/gen
eric/pgf/utilities/pgfutil-latex.def
\pgfutil@abb=\box28

(/nix/store/628l1kvbpqzarqpggrspryppd8zk54jz-TeXLive-linkdir/texmf-dist/tex/lat
ex/ms/everyshi.sty
Package: everyshi 2001/05/15 v3.00 EveryShipout Package (MS)
))
(/nix/store/628l1kvbpqzarqpggrspryppd8zk54jz-TeXLive-linkdir/texmf-dist/tex/gen
eric/pgf/utilities/pgfrcs.code.tex
Package: pgfrcs 2013/12/20 v3.0.0 (rcs-revision 1.28)
))
Package: pgf 2013/12/18 v3.0.0 (rcs-revision 1.14)

(/nix/store/628l1kvbpqzarqpggrspryppd8zk54jz-TeXLive-linkdir/texmf-dist/tex/lat
ex/pgf/basiclayer/pgfcore.sty
(/nix/store/628l1kvbpqzarqpggrspryppd8zk54jz-TeXLive-linkdir/texmf-dist/tex/lat
ex/graphics/graphicx.sty
Package: graphicx 2014/04/25 v1.0g Enhanced LaTeX Graphics (DPC,SPQR)

(/nix/store/628l1kvbpqzarqpggrspryppd8zk54jz-TeXLive-linkdir/texmf-dist/tex/lat
ex/graphics/keyval.sty
Package: keyval 2014/05/08 v1.15 key=value parser (DPC)
\KV@toks@=\toks27
)
(/nix/store/628l1kvbpqzarqpggrspryppd8zk54jz-TeXLive-linkdir/texmf-dist/tex/lat
ex/graphics/graphics.sty
Package: graphics 2009/02/05 v1.0o Standard LaTeX Graphics (DPC,SPQR)

(/nix/store/628l1kvbpqzarqpggrspryppd8zk54jz-TeXLive-linkdir/texmf-dist/tex/lat
ex/graphics/trig.sty
Package: trig 1999/03/16 v1.09 sin cos tan (DPC)
)
(/nix/store/628l1kvbpqzarqpggrspryppd8zk54jz-TeXLive-linkdir/texmf-dist/tex/lat
ex/latexconfig/graphics.cfg
File: graphics.cfg 2010/04/23 v1.9 graphics configuration of TeX Live
)
Package graphics Info: Driver file: pdftex.def on input line 91.

(/nix/store/628l1kvbpqzarqpggrspryppd8zk54jz-TeXLive-linkdir/texmf-dist/tex/lat
ex/pdftex-def/pdftex.def
File: pdftex.def 2011/05/27 v0.06d Graphics/color for pdfTeX

(/nix/store/628l1kvbpqzarqpggrspryppd8zk54jz-TeXLive-linkdir/texmf-dist/tex/gen
eric/oberdiek/infwarerr.sty
Package: infwarerr 2010/04/08 v1.3 Providing info/warning/error messages (HO)
)
(/nix/store/628l1kvbpqzarqpggrspryppd8zk54jz-TeXLive-linkdir/texmf-dist/tex/gen
eric/oberdiek/ltxcmds.sty
Package: ltxcmds 2011/11/09 v1.22 LaTeX kernel commands for general use (HO)
)
\Gread@gobject=\count102
))
\Gin@req@height=\dimen116
\Gin@req@width=\dimen117
)
(/nix/store/628l1kvbpqzarqpggrspryppd8zk54jz-TeXLive-linkdir/texmf-dist/tex/lat
ex/pgf/systemlayer/pgfsys.sty
(/nix/store/628l1kvbpqzarqpggrspryppd8zk54jz-TeXLive-linkdir/texmf-dist/tex/gen
eric/pgf/systemlayer/pgfsys.code.tex
Package: pgfsys 2013/11/30 v3.0.0 (rcs-revision 1.47)

(/nix/store/628l1kvbpqzarqpggrspryppd8zk54jz-TeXLive-linkdir/texmf-dist/tex/gen
eric/pgf/utilities/pgfkeys.code.tex
\pgfkeys@pathtoks=\toks28
\pgfkeys@temptoks=\toks29

(/nix/store/628l1kvbpqzarqpggrspryppd8zk54jz-TeXLive-linkdir/texmf-dist/tex/gen
eric/pgf/utilities/pgfkeysfiltered.code.tex
\pgfkeys@tmptoks=\toks30
))
\pgf@x=\dimen118
\pgf@y=\dimen119
\pgf@xa=\dimen120
\pgf@ya=\dimen121
\pgf@xb=\dimen122
\pgf@yb=\dimen123
\pgf@xc=\dimen124
\pgf@yc=\dimen125
\w@pgf@writea=\write3
\r@pgf@reada=\read1
\c@pgf@counta=\count103
\c@pgf@countb=\count104
\c@pgf@countc=\count105
\c@pgf@countd=\count106
\t@pgf@toka=\toks31
\t@pgf@tokb=\toks32
\t@pgf@tokc=\toks33

(/nix/store/628l1kvbpqzarqpggrspryppd8zk54jz-TeXLive-linkdir/texmf-dist/tex/gen
eric/pgf/systemlayer/pgf.cfg
File: pgf.cfg 2008/05/14  (rcs-revision 1.7)
)
Driver file for pgf: pgfsys-pdftex.def

(/nix/store/628l1kvbpqzarqpggrspryppd8zk54jz-TeXLive-linkdir/texmf-dist/tex/gen
eric/pgf/systemlayer/pgfsys-pdftex.def
File: pgfsys-pdftex.def 2013/07/18  (rcs-revision 1.33)

(/nix/store/628l1kvbpqzarqpggrspryppd8zk54jz-TeXLive-linkdir/texmf-dist/tex/gen
eric/pgf/systemlayer/pgfsys-common-pdf.def
File: pgfsys-common-pdf.def 2013/10/10  (rcs-revision 1.13)
)))
(/nix/store/628l1kvbpqzarqpggrspryppd8zk54jz-TeXLive-linkdir/texmf-dist/tex/gen
eric/pgf/systemlayer/pgfsyssoftpath.code.tex
File: pgfsyssoftpath.code.tex 2013/09/09  (rcs-revision 1.9)
\pgfsyssoftpath@smallbuffer@items=\count107
\pgfsyssoftpath@bigbuffer@items=\count108
)
(/nix/store/628l1kvbpqzarqpggrspryppd8zk54jz-TeXLive-linkdir/texmf-dist/tex/gen
eric/pgf/systemlayer/pgfsysprotocol.code.tex
File: pgfsysprotocol.code.tex 2006/10/16  (rcs-revision 1.4)
))
(/nix/store/628l1kvbpqzarqpggrspryppd8zk54jz-TeXLive-linkdir/texmf-dist/tex/lat
ex/xcolor/xcolor.sty
Package: xcolor 2007/01/21 v2.11 LaTeX color extensions (UK)

(/nix/store/628l1kvbpqzarqpggrspryppd8zk54jz-TeXLive-linkdir/texmf-dist/tex/lat
ex/latexconfig/color.cfg
File: color.cfg 2007/01/18 v1.5 color configuration of teTeX/TeXLive
)
Package xcolor Info: Driver file: pdftex.def on input line 225.
Package xcolor Info: Model `cmy' substituted by `cmy0' on input line 1337.
Package xcolor Info: Model `hsb' substituted by `rgb' on input line 1341.
Package xcolor Info: Model `RGB' extended on input line 1353.
Package xcolor Info: Model `HTML' substituted by `rgb' on input line 1355.
Package xcolor Info: Model `Hsb' substituted by `hsb' on input line 1356.
Package xcolor Info: Model `tHsb' substituted by `hsb' on input line 1357.
Package xcolor Info: Model `HSB' substituted by `hsb' on input line 1358.
Package xcolor Info: Model `Gray' substituted by `gray' on input line 1359.
Package xcolor Info: Model `wave' substituted by `hsb' on input line 1360.
)
(/nix/store/628l1kvbpqzarqpggrspryppd8zk54jz-TeXLive-linkdir/texmf-dist/tex/gen
eric/pgf/basiclayer/pgfcore.code.tex
Package: pgfcore 2010/04/11 v3.0.0 (rcs-revision 1.7)

(/nix/store/628l1kvbpqzarqpggrspryppd8zk54jz-TeXLive-linkdir/texmf-dist/tex/gen
eric/pgf/math/pgfmath.code.tex
(/nix/store/628l1kvbpqzarqpggrspryppd8zk54jz-TeXLive-linkdir/texmf-dist/tex/gen
eric/pgf/math/pgfmathcalc.code.tex
(/nix/store/628l1kvbpqzarqpggrspryppd8zk54jz-TeXLive-linkdir/texmf-dist/tex/gen
eric/pgf/math/pgfmathutil.code.tex)
(/nix/store/628l1kvbpqzarqpggrspryppd8zk54jz-TeXLive-linkdir/texmf-dist/tex/gen
eric/pgf/math/pgfmathparser.code.tex
\pgfmath@dimen=\dimen126
\pgfmath@count=\count109
\pgfmath@box=\box29
\pgfmath@toks=\toks34
\pgfmath@stack@operand=\toks35
\pgfmath@stack@operation=\toks36
)
(/nix/store/628l1kvbpqzarqpggrspryppd8zk54jz-TeXLive-linkdir/texmf-dist/tex/gen
eric/pgf/math/pgfmathfunctions.code.tex
(/nix/store/628l1kvbpqzarqpggrspryppd8zk54jz-TeXLive-linkdir/texmf-dist/tex/gen
eric/pgf/math/pgfmathfunctions.basic.code.tex)
(/nix/store/628l1kvbpqzarqpggrspryppd8zk54jz-TeXLive-linkdir/texmf-dist/tex/gen
eric/pgf/math/pgfmathfunctions.trigonometric.code.tex)
(/nix/store/628l1kvbpqzarqpggrspryppd8zk54jz-TeXLive-linkdir/texmf-dist/tex/gen
eric/pgf/math/pgfmathfunctions.random.code.tex)
(/nix/store/628l1kvbpqzarqpggrspryppd8zk54jz-TeXLive-linkdir/texmf-dist/tex/gen
eric/pgf/math/pgfmathfunctions.comparison.code.tex)
(/nix/store/628l1kvbpqzarqpggrspryppd8zk54jz-TeXLive-linkdir/texmf-dist/tex/gen
eric/pgf/math/pgfmathfunctions.base.code.tex)
(/nix/store/628l1kvbpqzarqpggrspryppd8zk54jz-TeXLive-linkdir/texmf-dist/tex/gen
eric/pgf/math/pgfmathfunctions.round.code.tex)
(/nix/store/628l1kvbpqzarqpggrspryppd8zk54jz-TeXLive-linkdir/texmf-dist/tex/gen
eric/pgf/math/pgfmathfunctions.misc.code.tex)
(/nix/store/628l1kvbpqzarqpggrspryppd8zk54jz-TeXLive-linkdir/texmf-dist/tex/gen
eric/pgf/math/pgfmathfunctions.integerarithmetics.code.tex)))
(/nix/store/628l1kvbpqzarqpggrspryppd8zk54jz-TeXLive-linkdir/texmf-dist/tex/gen
eric/pgf/math/pgfmathfloat.code.tex
\c@pgfmathroundto@lastzeros=\count110
))
(/nix/store/628l1kvbpqzarqpggrspryppd8zk54jz-TeXLive-linkdir/texmf-dist/tex/gen
eric/pgf/basiclayer/pgfcorepoints.code.tex
File: pgfcorepoints.code.tex 2013/10/07  (rcs-revision 1.27)
\pgf@picminx=\dimen127
\pgf@picmaxx=\dimen128
\pgf@picminy=\dimen129
\pgf@picmaxy=\dimen130
\pgf@pathminx=\dimen131
\pgf@pathmaxx=\dimen132
\pgf@pathminy=\dimen133
\pgf@pathmaxy=\dimen134
\pgf@xx=\dimen135
\pgf@xy=\dimen136
\pgf@yx=\dimen137
\pgf@yy=\dimen138
\pgf@zx=\dimen139
\pgf@zy=\dimen140
)
(/nix/store/628l1kvbpqzarqpggrspryppd8zk54jz-TeXLive-linkdir/texmf-dist/tex/gen
eric/pgf/basiclayer/pgfcorepathconstruct.code.tex
File: pgfcorepathconstruct.code.tex 2013/10/07  (rcs-revision 1.29)
\pgf@path@lastx=\dimen141
\pgf@path@lasty=\dimen142
)
(/nix/store/628l1kvbpqzarqpggrspryppd8zk54jz-TeXLive-linkdir/texmf-dist/tex/gen
eric/pgf/basiclayer/pgfcorepathusage.code.tex
File: pgfcorepathusage.code.tex 2013/12/13  (rcs-revision 1.23)
\pgf@shorten@end@additional=\dimen143
\pgf@shorten@start@additional=\dimen144
)
(/nix/store/628l1kvbpqzarqpggrspryppd8zk54jz-TeXLive-linkdir/texmf-dist/tex/gen
eric/pgf/basiclayer/pgfcorescopes.code.tex
File: pgfcorescopes.code.tex 2013/10/09  (rcs-revision 1.44)
\pgfpic=\box30
\pgf@hbox=\box31
\pgf@layerbox@main=\box32
\pgf@picture@serial@count=\count111
)
(/nix/store/628l1kvbpqzarqpggrspryppd8zk54jz-TeXLive-linkdir/texmf-dist/tex/gen
eric/pgf/basiclayer/pgfcoregraphicstate.code.tex
File: pgfcoregraphicstate.code.tex 2013/09/19  (rcs-revision 1.11)
\pgflinewidth=\dimen145
)
(/nix/store/628l1kvbpqzarqpggrspryppd8zk54jz-TeXLive-linkdir/texmf-dist/tex/gen
eric/pgf/basiclayer/pgfcoretransformations.code.tex
File: pgfcoretransformations.code.tex 2013/10/10  (rcs-revision 1.17)
\pgf@pt@x=\dimen146
\pgf@pt@y=\dimen147
\pgf@pt@temp=\dimen148
)
(/nix/store/628l1kvbpqzarqpggrspryppd8zk54jz-TeXLive-linkdir/texmf-dist/tex/gen
eric/pgf/basiclayer/pgfcorequick.code.tex
File: pgfcorequick.code.tex 2008/10/09  (rcs-revision 1.3)
)
(/nix/store/628l1kvbpqzarqpggrspryppd8zk54jz-TeXLive-linkdir/texmf-dist/tex/gen
eric/pgf/basiclayer/pgfcoreobjects.code.tex
File: pgfcoreobjects.code.tex 2006/10/11  (rcs-revision 1.2)
)
(/nix/store/628l1kvbpqzarqpggrspryppd8zk54jz-TeXLive-linkdir/texmf-dist/tex/gen
eric/pgf/basiclayer/pgfcorepathprocessing.code.tex
File: pgfcorepathprocessing.code.tex 2013/09/09  (rcs-revision 1.9)
)
(/nix/store/628l1kvbpqzarqpggrspryppd8zk54jz-TeXLive-linkdir/texmf-dist/tex/gen
eric/pgf/basiclayer/pgfcorearrows.code.tex
File: pgfcorearrows.code.tex 2013/11/07  (rcs-revision 1.40)
\pgfarrowsep=\dimen149
)
(/nix/store/628l1kvbpqzarqpggrspryppd8zk54jz-TeXLive-linkdir/texmf-dist/tex/gen
eric/pgf/basiclayer/pgfcoreshade.code.tex
File: pgfcoreshade.code.tex 2013/07/15  (rcs-revision 1.15)
\pgf@max=\dimen150
\pgf@sys@shading@range@num=\count112
)
(/nix/store/628l1kvbpqzarqpggrspryppd8zk54jz-TeXLive-linkdir/texmf-dist/tex/gen
eric/pgf/basiclayer/pgfcoreimage.code.tex
File: pgfcoreimage.code.tex 2013/07/15  (rcs-revision 1.18)

(/nix/store/628l1kvbpqzarqpggrspryppd8zk54jz-TeXLive-linkdir/texmf-dist/tex/gen
eric/pgf/basiclayer/pgfcoreexternal.code.tex
File: pgfcoreexternal.code.tex 2013/07/15  (rcs-revision 1.20)
\pgfexternal@startupbox=\box33
))
(/nix/store/628l1kvbpqzarqpggrspryppd8zk54jz-TeXLive-linkdir/texmf-dist/tex/gen
eric/pgf/basiclayer/pgfcorelayers.code.tex
File: pgfcorelayers.code.tex 2013/07/18  (rcs-revision 1.7)
)
(/nix/store/628l1kvbpqzarqpggrspryppd8zk54jz-TeXLive-linkdir/texmf-dist/tex/gen
eric/pgf/basiclayer/pgfcoretransparency.code.tex
File: pgfcoretransparency.code.tex 2013/09/30  (rcs-revision 1.5)
)
(/nix/store/628l1kvbpqzarqpggrspryppd8zk54jz-TeXLive-linkdir/texmf-dist/tex/gen
eric/pgf/basiclayer/pgfcorepatterns.code.tex
File: pgfcorepatterns.code.tex 2013/11/07  (rcs-revision 1.5)
)))
(/nix/store/628l1kvbpqzarqpggrspryppd8zk54jz-TeXLive-linkdir/texmf-dist/tex/gen
eric/pgf/modules/pgfmoduleshapes.code.tex
File: pgfmoduleshapes.code.tex 2013/10/31  (rcs-revision 1.34)
\pgfnodeparttextbox=\box34
)
(/nix/store/628l1kvbpqzarqpggrspryppd8zk54jz-TeXLive-linkdir/texmf-dist/tex/gen
eric/pgf/modules/pgfmoduleplot.code.tex
File: pgfmoduleplot.code.tex 2013/07/31  (rcs-revision 1.12)
)
(/nix/store/628l1kvbpqzarqpggrspryppd8zk54jz-TeXLive-linkdir/texmf-dist/tex/lat
ex/pgf/compatibility/pgfcomp-version-0-65.sty
Package: pgfcomp-version-0-65 2007/07/03 v3.0.0 (rcs-revision 1.7)
\pgf@nodesepstart=\dimen151
\pgf@nodesepend=\dimen152
)
(/nix/store/628l1kvbpqzarqpggrspryppd8zk54jz-TeXLive-linkdir/texmf-dist/tex/lat
ex/pgf/compatibility/pgfcomp-version-1-18.sty
Package: pgfcomp-version-1-18 2007/07/23 v3.0.0 (rcs-revision 1.1)
))
(/nix/store/628l1kvbpqzarqpggrspryppd8zk54jz-TeXLive-linkdir/texmf-dist/tex/lat
ex/pgf/utilities/pgffor.sty
(/nix/store/628l1kvbpqzarqpggrspryppd8zk54jz-TeXLive-linkdir/texmf-dist/tex/lat
ex/pgf/utilities/pgfkeys.sty
(/nix/store/628l1kvbpqzarqpggrspryppd8zk54jz-TeXLive-linkdir/texmf-dist/tex/gen
eric/pgf/utilities/pgfkeys.code.tex))
(/nix/store/628l1kvbpqzarqpggrspryppd8zk54jz-TeXLive-linkdir/texmf-dist/tex/lat
ex/pgf/math/pgfmath.sty
(/nix/store/628l1kvbpqzarqpggrspryppd8zk54jz-TeXLive-linkdir/texmf-dist/tex/gen
eric/pgf/math/pgfmath.code.tex))
(/nix/store/628l1kvbpqzarqpggrspryppd8zk54jz-TeXLive-linkdir/texmf-dist/tex/gen
eric/pgf/utilities/pgffor.code.tex
Package: pgffor 2013/12/13 v3.0.0 (rcs-revision 1.25)

(/nix/store/628l1kvbpqzarqpggrspryppd8zk54jz-TeXLive-linkdir/texmf-dist/tex/gen
eric/pgf/math/pgfmath.code.tex)
\pgffor@iter=\dimen153
\pgffor@skip=\dimen154
\pgffor@stack=\toks37
\pgffor@toks=\toks38
))
(/nix/store/628l1kvbpqzarqpggrspryppd8zk54jz-TeXLive-linkdir/texmf-dist/tex/gen
eric/pgf/frontendlayer/tikz/tikz.code.tex
Package: tikz 2013/12/13 v3.0.0 (rcs-revision 1.142)

(/nix/store/628l1kvbpqzarqpggrspryppd8zk54jz-TeXLive-linkdir/texmf-dist/tex/gen
eric/pgf/libraries/pgflibraryplothandlers.code.tex
File: pgflibraryplothandlers.code.tex 2013/08/31 v3.0.0 (rcs-revision 1.20)
\pgf@plot@mark@count=\count113
\pgfplotmarksize=\dimen155
)
\tikz@lastx=\dimen156
\tikz@lasty=\dimen157
\tikz@lastxsaved=\dimen158
\tikz@lastysaved=\dimen159
\tikzleveldistance=\dimen160
\tikzsiblingdistance=\dimen161
\tikz@figbox=\box35
\tikz@figbox@bg=\box36
\tikz@tempbox=\box37
\tikz@tempbox@bg=\box38
\tikztreelevel=\count114
\tikznumberofchildren=\count115
\tikznumberofcurrentchild=\count116
\tikz@fig@count=\count117

(/nix/store/628l1kvbpqzarqpggrspryppd8zk54jz-TeXLive-linkdir/texmf-dist/tex/gen
eric/pgf/modules/pgfmodulematrix.code.tex
File: pgfmodulematrix.code.tex 2013/09/17  (rcs-revision 1.8)
\pgfmatrixcurrentrow=\count118
\pgfmatrixcurrentcolumn=\count119
\pgf@matrix@numberofcolumns=\count120
)
\tikz@expandcount=\count121

(/nix/store/628l1kvbpqzarqpggrspryppd8zk54jz-TeXLive-linkdir/texmf-dist/tex/gen
eric/pgf/frontendlayer/tikz/libraries/tikzlibrarytopaths.code.tex
File: tikzlibrarytopaths.code.tex 2008/06/17 v3.0.0 (rcs-revision 1.2)
)))
(/nix/store/628l1kvbpqzarqpggrspryppd8zk54jz-TeXLive-linkdir/texmf-dist/tex/lat
ex/soul/soul.sty
Package: soul 2003/11/17 v2.4 letterspacing/underlining (mf)
\SOUL@word=\toks39
\SOUL@lasttoken=\toks40
\SOUL@cmds=\toks41
\SOUL@buffer=\toks42
\SOUL@token=\toks43
\SOUL@spaceskip=\skip53
\SOUL@ttwidth=\dimen162
\SOUL@uldp=\dimen163
\SOUL@ulht=\dimen164
)
(/nix/store/628l1kvbpqzarqpggrspryppd8zk54jz-TeXLive-linkdir/texmf-dist/tex/lat
ex/tikz-cd/tikz-cd.sty
Package: tikz-cd 2014/10/20 v0.9c Commutative diagrams with tikz

(/nix/store/628l1kvbpqzarqpggrspryppd8zk54jz-TeXLive-linkdir/texmf-dist/tex/gen
eric/tikz-cd/tikzlibrarycd.code.tex
(/nix/store/628l1kvbpqzarqpggrspryppd8zk54jz-TeXLive-linkdir/texmf-dist/tex/gen
eric/pgf/frontendlayer/tikz/libraries/tikzlibrarymatrix.code.tex
File: tikzlibrarymatrix.code.tex 2013/07/12 v3.0.0 (rcs-revision 1.4)
)
(/nix/store/628l1kvbpqzarqpggrspryppd8zk54jz-TeXLive-linkdir/texmf-dist/tex/gen
eric/pgf/frontendlayer/tikz/libraries/tikzlibraryquotes.code.tex
File: tikzlibraryquotes.code.tex 2013/08/28 v3.0.0 (rcs-revision 1.3)
)
(/nix/store/628l1kvbpqzarqpggrspryppd8zk54jz-TeXLive-linkdir/texmf-dist/tex/gen
eric/pgf/libraries/pgflibraryarrows.meta.code.tex
File: pgflibraryarrows.meta.code.tex 2013/12/13 v3.0.0 (rcs-revision 1.12)
\pgfarrowinset=\dimen165
\pgfarrowlength=\dimen166
\pgfarrowwidth=\dimen167
\pgfarrowlinewidth=\dimen168
)))
(/nix/store/628l1kvbpqzarqpggrspryppd8zk54jz-TeXLive-linkdir/texmf-dist/tex/lat
ex/tools/multicol.sty
Package: multicol 2014/08/24 v1.8g multicolumn formatting (FMi)
\c@tracingmulticols=\count122
\mult@box=\box39
\multicol@leftmargin=\dimen169
\c@unbalance=\count123
\c@collectmore=\count124
\doublecol@number=\count125
\multicoltolerance=\count126
\multicolpretolerance=\count127
\full@width=\dimen170
\page@free=\dimen171
\premulticols=\dimen172
\postmulticols=\dimen173
\multicolsep=\skip54
\multicolbaselineskip=\skip55
\partial@page=\box40
\last@line=\box41
\maxbalancingoverflow=\dimen174
\mult@rightbox=\box42
\mult@grightbox=\box43
\mult@gfirstbox=\box44
\mult@firstbox=\box45
\@tempa=\box46
\@tempa=\box47
\@tempa=\box48
\@tempa=\box49
\@tempa=\box50
\@tempa=\box51
\@tempa=\box52
\@tempa=\box53
\@tempa=\box54
\@tempa=\box55
\@tempa=\box56
\@tempa=\box57
\@tempa=\box58
\@tempa=\box59
\@tempa=\box60
\@tempa=\box61
\@tempa=\box62
\c@columnbadness=\count128
\c@finalcolumnbadness=\count129
\last@try=\dimen175
\multicolovershoot=\dimen176
\multicolundershoot=\dimen177
\mult@nat@firstbox=\box63
\colbreak@box=\box64
\mc@col@check@num=\count130
)
(/nix/store/628l1kvbpqzarqpggrspryppd8zk54jz-TeXLive-linkdir/texmf-dist/tex/lat
ex/tools/enumerate.sty
Package: enumerate 1999/03/05 v3.00 enumerate extensions (DPC)
\@enLab=\toks44
)
(/nix/store/628l1kvbpqzarqpggrspryppd8zk54jz-TeXLive-linkdir/texmf-dist/tex/lat
ex/tools/bm.sty
Package: bm 2004/02/26 v1.1c Bold Symbol Support (DPC/FMi)
\symboldoperators=\mathgroup6
\symboldletters=\mathgroup7
\symboldsymbols=\mathgroup8
LaTeX Font Info:    Redeclaring math alphabet \mathbf on input line 137.
LaTeX Info: Redefining \bm on input line 203.
)
(/nix/store/628l1kvbpqzarqpggrspryppd8zk54jz-TeXLive-linkdir/texmf-dist/tex/lat
ex/base/inputenc.sty
Package: inputenc 2014/04/30 v1.2b Input encoding file
\inpenc@prehook=\toks45
\inpenc@posthook=\toks46

(/nix/store/628l1kvbpqzarqpggrspryppd8zk54jz-TeXLive-linkdir/texmf-dist/tex/lat
ex/base/utf8.def
File: utf8.def 2008/04/05 v1.1m UTF-8 support for inputenc
Now handling font encoding OML ...
... no UTF-8 mapping file for font encoding OML
Now handling font encoding T1 ...
... processing UTF-8 mapping file for font encoding T1

(/nix/store/628l1kvbpqzarqpggrspryppd8zk54jz-TeXLive-linkdir/texmf-dist/tex/lat
ex/base/t1enc.dfu
File: t1enc.dfu 2008/04/05 v1.1m UTF-8 support for inputenc
   defining Unicode char U+00A1 (decimal 161)
   defining Unicode char U+00A3 (decimal 163)
   defining Unicode char U+00AB (decimal 171)
   defining Unicode char U+00BB (decimal 187)
   defining Unicode char U+00BF (decimal 191)
   defining Unicode char U+00C0 (decimal 192)
   defining Unicode char U+00C1 (decimal 193)
   defining Unicode char U+00C2 (decimal 194)
   defining Unicode char U+00C3 (decimal 195)
   defining Unicode char U+00C4 (decimal 196)
   defining Unicode char U+00C5 (decimal 197)
   defining Unicode char U+00C6 (decimal 198)
   defining Unicode char U+00C7 (decimal 199)
   defining Unicode char U+00C8 (decimal 200)
   defining Unicode char U+00C9 (decimal 201)
   defining Unicode char U+00CA (decimal 202)
   defining Unicode char U+00CB (decimal 203)
   defining Unicode char U+00CC (decimal 204)
   defining Unicode char U+00CD (decimal 205)
   defining Unicode char U+00CE (decimal 206)
   defining Unicode char U+00CF (decimal 207)
   defining Unicode char U+00D0 (decimal 208)
   defining Unicode char U+00D1 (decimal 209)
   defining Unicode char U+00D2 (decimal 210)
   defining Unicode char U+00D3 (decimal 211)
   defining Unicode char U+00D4 (decimal 212)
   defining Unicode char U+00D5 (decimal 213)
   defining Unicode char U+00D6 (decimal 214)
   defining Unicode char U+00D8 (decimal 216)
   defining Unicode char U+00D9 (decimal 217)
   defining Unicode char U+00DA (decimal 218)
   defining Unicode char U+00DB (decimal 219)
   defining Unicode char U+00DC (decimal 220)
   defining Unicode char U+00DD (decimal 221)
   defining Unicode char U+00DE (decimal 222)
   defining Unicode char U+00DF (decimal 223)
   defining Unicode char U+00E0 (decimal 224)
   defining Unicode char U+00E1 (decimal 225)
   defining Unicode char U+00E2 (decimal 226)
   defining Unicode char U+00E3 (decimal 227)
   defining Unicode char U+00E4 (decimal 228)
   defining Unicode char U+00E5 (decimal 229)
   defining Unicode char U+00E6 (decimal 230)
   defining Unicode char U+00E7 (decimal 231)
   defining Unicode char U+00E8 (decimal 232)
   defining Unicode char U+00E9 (decimal 233)
   defining Unicode char U+00EA (decimal 234)
   defining Unicode char U+00EB (decimal 235)
   defining Unicode char U+00EC (decimal 236)
   defining Unicode char U+00ED (decimal 237)
   defining Unicode char U+00EE (decimal 238)
   defining Unicode char U+00EF (decimal 239)
   defining Unicode char U+00F0 (decimal 240)
   defining Unicode char U+00F1 (decimal 241)
   defining Unicode char U+00F2 (decimal 242)
   defining Unicode char U+00F3 (decimal 243)
   defining Unicode char U+00F4 (decimal 244)
   defining Unicode char U+00F5 (decimal 245)
   defining Unicode char U+00F6 (decimal 246)
   defining Unicode char U+00F8 (decimal 248)
   defining Unicode char U+00F9 (decimal 249)
   defining Unicode char U+00FA (decimal 250)
   defining Unicode char U+00FB (decimal 251)
   defining Unicode char U+00FC (decimal 252)
   defining Unicode char U+00FD (decimal 253)
   defining Unicode char U+00FE (decimal 254)
   defining Unicode char U+00FF (decimal 255)
   defining Unicode char U+0102 (decimal 258)
   defining Unicode char U+0103 (decimal 259)
   defining Unicode char U+0104 (decimal 260)
   defining Unicode char U+0105 (decimal 261)
   defining Unicode char U+0106 (decimal 262)
   defining Unicode char U+0107 (decimal 263)
   defining Unicode char U+010C (decimal 268)
   defining Unicode char U+010D (decimal 269)
   defining Unicode char U+010E (decimal 270)
   defining Unicode char U+010F (decimal 271)
   defining Unicode char U+0110 (decimal 272)
   defining Unicode char U+0111 (decimal 273)
   defining Unicode char U+0118 (decimal 280)
   defining Unicode char U+0119 (decimal 281)
   defining Unicode char U+011A (decimal 282)
   defining Unicode char U+011B (decimal 283)
   defining Unicode char U+011E (decimal 286)
   defining Unicode char U+011F (decimal 287)
   defining Unicode char U+0130 (decimal 304)
   defining Unicode char U+0131 (decimal 305)
   defining Unicode char U+0132 (decimal 306)
   defining Unicode char U+0133 (decimal 307)
   defining Unicode char U+0139 (decimal 313)
   defining Unicode char U+013A (decimal 314)
   defining Unicode char U+013D (decimal 317)
   defining Unicode char U+013E (decimal 318)
   defining Unicode char U+0141 (decimal 321)
   defining Unicode char U+0142 (decimal 322)
   defining Unicode char U+0143 (decimal 323)
   defining Unicode char U+0144 (decimal 324)
   defining Unicode char U+0147 (decimal 327)
   defining Unicode char U+0148 (decimal 328)
   defining Unicode char U+014A (decimal 330)
   defining Unicode char U+014B (decimal 331)
   defining Unicode char U+0150 (decimal 336)
   defining Unicode char U+0151 (decimal 337)
   defining Unicode char U+0152 (decimal 338)
   defining Unicode char U+0153 (decimal 339)
   defining Unicode char U+0154 (decimal 340)
   defining Unicode char U+0155 (decimal 341)
   defining Unicode char U+0158 (decimal 344)
   defining Unicode char U+0159 (decimal 345)
   defining Unicode char U+015A (decimal 346)
   defining Unicode char U+015B (decimal 347)
   defining Unicode char U+015E (decimal 350)
   defining Unicode char U+015F (decimal 351)
   defining Unicode char U+0160 (decimal 352)
   defining Unicode char U+0161 (decimal 353)
   defining Unicode char U+0162 (decimal 354)
   defining Unicode char U+0163 (decimal 355)
   defining Unicode char U+0164 (decimal 356)
   defining Unicode char U+0165 (decimal 357)
   defining Unicode char U+016E (decimal 366)
   defining Unicode char U+016F (decimal 367)
   defining Unicode char U+0170 (decimal 368)
   defining Unicode char U+0171 (decimal 369)
   defining Unicode char U+0178 (decimal 376)
   defining Unicode char U+0179 (decimal 377)
   defining Unicode char U+017A (decimal 378)
   defining Unicode char U+017B (decimal 379)
   defining Unicode char U+017C (decimal 380)
   defining Unicode char U+017D (decimal 381)
   defining Unicode char U+017E (decimal 382)
   defining Unicode char U+200C (decimal 8204)
   defining Unicode char U+2013 (decimal 8211)
   defining Unicode char U+2014 (decimal 8212)
   defining Unicode char U+2018 (decimal 8216)
   defining Unicode char U+2019 (decimal 8217)
   defining Unicode char U+201A (decimal 8218)
   defining Unicode char U+201C (decimal 8220)
   defining Unicode char U+201D (decimal 8221)
   defining Unicode char U+201E (decimal 8222)
   defining Unicode char U+2030 (decimal 8240)
   defining Unicode char U+2031 (decimal 8241)
   defining Unicode char U+2039 (decimal 8249)
   defining Unicode char U+203A (decimal 8250)
   defining Unicode char U+2423 (decimal 9251)
)
Now handling font encoding OT1 ...
... processing UTF-8 mapping file for font encoding OT1

(/nix/store/628l1kvbpqzarqpggrspryppd8zk54jz-TeXLive-linkdir/texmf-dist/tex/lat
ex/base/ot1enc.dfu
File: ot1enc.dfu 2008/04/05 v1.1m UTF-8 support for inputenc
   defining Unicode char U+00A1 (decimal 161)
   defining Unicode char U+00A3 (decimal 163)
   defining Unicode char U+00B8 (decimal 184)
   defining Unicode char U+00BF (decimal 191)
   defining Unicode char U+00C5 (decimal 197)
   defining Unicode char U+00C6 (decimal 198)
   defining Unicode char U+00D8 (decimal 216)
   defining Unicode char U+00DF (decimal 223)
   defining Unicode char U+00E6 (decimal 230)
   defining Unicode char U+00EC (decimal 236)
   defining Unicode char U+00ED (decimal 237)
   defining Unicode char U+00EE (decimal 238)
   defining Unicode char U+00EF (decimal 239)
   defining Unicode char U+00F8 (decimal 248)
   defining Unicode char U+0131 (decimal 305)
   defining Unicode char U+0141 (decimal 321)
   defining Unicode char U+0142 (decimal 322)
   defining Unicode char U+0152 (decimal 338)
   defining Unicode char U+0153 (decimal 339)
   defining Unicode char U+2013 (decimal 8211)
   defining Unicode char U+2014 (decimal 8212)
   defining Unicode char U+2018 (decimal 8216)
   defining Unicode char U+2019 (decimal 8217)
   defining Unicode char U+201C (decimal 8220)
   defining Unicode char U+201D (decimal 8221)
)
Now handling font encoding OMS ...
... processing UTF-8 mapping file for font encoding OMS

(/nix/store/628l1kvbpqzarqpggrspryppd8zk54jz-TeXLive-linkdir/texmf-dist/tex/lat
ex/base/omsenc.dfu
File: omsenc.dfu 2008/04/05 v1.1m UTF-8 support for inputenc
   defining Unicode char U+00A7 (decimal 167)
   defining Unicode char U+00B6 (decimal 182)
   defining Unicode char U+00B7 (decimal 183)
   defining Unicode char U+2020 (decimal 8224)
   defining Unicode char U+2021 (decimal 8225)
   defining Unicode char U+2022 (decimal 8226)
)
Now handling font encoding OMX ...
... no UTF-8 mapping file for font encoding OMX
Now handling font encoding U ...
... no UTF-8 mapping file for font encoding U
   defining Unicode char U+00A9 (decimal 169)
   defining Unicode char U+00AA (decimal 170)
   defining Unicode char U+00AE (decimal 174)
   defining Unicode char U+00BA (decimal 186)
   defining Unicode char U+02C6 (decimal 710)
   defining Unicode char U+02DC (decimal 732)
   defining Unicode char U+200C (decimal 8204)
   defining Unicode char U+2026 (decimal 8230)
   defining Unicode char U+2122 (decimal 8482)
   defining Unicode char U+2423 (decimal 9251)
))
(/nix/store/628l1kvbpqzarqpggrspryppd8zk54jz-TeXLive-linkdir/texmf-dist/tex/gen
eric/pgf/frontendlayer/tikz/libraries/tikzlibraryarrows.code.tex
File: tikzlibraryarrows.code.tex 2008/01/09 v3.0.0 (rcs-revision 1.1)

(/nix/store/628l1kvbpqzarqpggrspryppd8zk54jz-TeXLive-linkdir/texmf-dist/tex/gen
eric/pgf/libraries/pgflibraryarrows.code.tex
File: pgflibraryarrows.code.tex 2013/09/23 v3.0.0 (rcs-revision 1.16)
\arrowsize=\dimen178
))
\c@theorem=\count131

(/nix/store/628l1kvbpqzarqpggrspryppd8zk54jz-TeXLive-linkdir/texmf-dist/tex/lat
ex/bbm-macros/bbm.sty
Package: bbm 1999/03/15 V 1.2 provides fonts for set symbols - TH
LaTeX Font Info:    Overwriting math alphabet `\mathbbm' in version `bold'
(Font)                  U/bbm/m/n --> U/bbm/bx/n on input line 33.
LaTeX Font Info:    Overwriting math alphabet `\mathbbmss' in version `bold'
(Font)                  U/bbmss/m/n --> U/bbmss/bx/n on input line 35.
))
No file proposal.aux.
\openout1 = `proposal.aux'.

LaTeX Font Info:    Checking defaults for OML/cmm/m/it on input line 9.
LaTeX Font Info:    ... okay on input line 9.
LaTeX Font Info:    Checking defaults for T1/cmr/m/n on input line 9.
LaTeX Font Info:    ... okay on input line 9.
LaTeX Font Info:    Checking defaults for OT1/cmr/m/n on input line 9.
LaTeX Font Info:    ... okay on input line 9.
LaTeX Font Info:    Checking defaults for OMS/cmsy/m/n on input line 9.
LaTeX Font Info:    ... okay on input line 9.
LaTeX Font Info:    Checking defaults for OMX/cmex/m/n on input line 9.
LaTeX Font Info:    ... okay on input line 9.
LaTeX Font Info:    Checking defaults for U/cmr/m/n on input line 9.
LaTeX Font Info:    ... okay on input line 9.
ABD: EveryShipout initializing macros
(/nix/store/628l1kvbpqzarqpggrspryppd8zk54jz-TeXLive-linkdir/texmf-dist/tex/con
text/base/supp-pdf.mkii
[Loading MPS to PDF converter (version 2006.09.02).]
\scratchcounter=\count132
\scratchdimen=\dimen179
\scratchbox=\box65
\nofMPsegments=\count133
\nofMParguments=\count134
\everyMPshowfont=\toks47
\MPscratchCnt=\count135
\MPscratchDim=\dimen180
\MPnumerator=\count136
\makeMPintoPDFobject=\count137
\everyMPtoPDFconversion=\toks48
)
(/nix/store/628l1kvbpqzarqpggrspryppd8zk54jz-TeXLive-linkdir/texmf-dist/tex/gen
eric/oberdiek/pdftexcmds.sty
Package: pdftexcmds 2011/11/29 v0.20 Utility functions of pdfTeX for LuaTeX (HO
)

(/nix/store/628l1kvbpqzarqpggrspryppd8zk54jz-TeXLive-linkdir/texmf-dist/tex/gen
eric/oberdiek/ifluatex.sty
Package: ifluatex 2010/03/01 v1.3 Provides the ifluatex switch (HO)
Package ifluatex Info: LuaTeX not detected.
)
(/nix/store/628l1kvbpqzarqpggrspryppd8zk54jz-TeXLive-linkdir/texmf-dist/tex/gen
eric/oberdiek/ifpdf.sty
Package: ifpdf 2011/01/30 v2.3 Provides the ifpdf switch (HO)
Package ifpdf Info: pdfTeX in PDF mode is detected.
)
Package pdftexcmds Info: LuaTeX not detected.
Package pdftexcmds Info: \pdf@primitive is available.
Package pdftexcmds Info: \pdf@ifprimitive is available.
Package pdftexcmds Info: \pdfdraftmode found.
)
(/nix/store/628l1kvbpqzarqpggrspryppd8zk54jz-TeXLive-linkdir/texmf-dist/tex/lat
ex/oberdiek/epstopdf-base.sty
Package: epstopdf-base 2010/02/09 v2.5 Base part for package epstopdf

(/nix/store/628l1kvbpqzarqpggrspryppd8zk54jz-TeXLive-linkdir/texmf-dist/tex/lat
ex/oberdiek/grfext.sty
Package: grfext 2010/08/19 v1.1 Manage graphics extensions (HO)

(/nix/store/628l1kvbpqzarqpggrspryppd8zk54jz-TeXLive-linkdir/texmf-dist/tex/gen
eric/oberdiek/kvdefinekeys.sty
Package: kvdefinekeys 2011/04/07 v1.3 Define keys (HO)
))
(/nix/store/628l1kvbpqzarqpggrspryppd8zk54jz-TeXLive-linkdir/texmf-dist/tex/lat
ex/oberdiek/kvoptions.sty
Package: kvoptions 2011/06/30 v3.11 Key value format for package options (HO)

(/nix/store/628l1kvbpqzarqpggrspryppd8zk54jz-TeXLive-linkdir/texmf-dist/tex/gen
eric/oberdiek/kvsetkeys.sty
Package: kvsetkeys 2012/04/25 v1.16 Key value parser (HO)

(/nix/store/628l1kvbpqzarqpggrspryppd8zk54jz-TeXLive-linkdir/texmf-dist/tex/gen
eric/oberdiek/etexcmds.sty
Package: etexcmds 2011/02/16 v1.5 Avoid name clashes with e-TeX commands (HO)
Package etexcmds Info: Could not find \expanded.
(etexcmds)             That can mean that you are not using pdfTeX 1.50 or
(etexcmds)             that some package has redefined \expanded.
(etexcmds)             In the latter case, load this package earlier.
)))
Package grfext Info: Graphics extension search list:
(grfext)             [.png,.pdf,.jpg,.mps,.jpeg,.jbig2,.jb2,.PNG,.PDF,.JPG,.JPE
G,.JBIG2,.JB2,.eps]
(grfext)             \AppendGraphicsExtensions on input line 452.

(/nix/store/628l1kvbpqzarqpggrspryppd8zk54jz-TeXLive-linkdir/texmf-dist/tex/lat
ex/latexconfig/epstopdf-sys.cfg
File: epstopdf-sys.cfg 2010/07/13 v1.3 Configuration of (r)epstopdf for TeX Liv
e
))
LaTeX Font Info:    Try loading font information for U+msa on input line 10.

(/nix/store/628l1kvbpqzarqpggrspryppd8zk54jz-TeXLive-linkdir/texmf-dist/tex/lat
ex/amsfonts/umsa.fd
File: umsa.fd 2013/01/14 v3.01 AMS symbols A
)
LaTeX Font Info:    Try loading font information for U+msb on input line 10.

(/nix/store/628l1kvbpqzarqpggrspryppd8zk54jz-TeXLive-linkdir/texmf-dist/tex/lat
ex/amsfonts/umsb.fd
File: umsb.fd 2013/01/14 v3.01 AMS symbols B
) [1

{/nix/store/628l1kvbpqzarqpggrspryppd8zk54jz-TeXLive-linkdir/texmf-config/fonts
/map/pdftex/updmap/pdftex.map}] [2] (./proposal.aux) ) 
Here is how much of TeX's memory you used:
 14432 strings out of 493109
 303634 string characters out of 6117082
 327589 words of memory out of 5000000
 17582 multiletter control sequences out of 15000+600000
 14740 words of font info for 54 fonts, out of 8000000 for 9000
 1141 hyphenation exceptions out of 8191
 63i,6n,86p,430b,199s stack positions out of 5000i,500n,10000p,200000b,80000s
</nix/store/628l1kvbpqzar
qpggrspryppd8zk54jz-TeXLive-linkdir/texmf-dist/fonts/type1/public/amsfonts/cm/c
mbsy10.pfb></nix/store/628l1kvbpqzarqpggrspryppd8zk54jz-TeXLive-linkdir/texmf-d
ist/fonts/type1/public/amsfonts/cm/cmbx10.pfb></nix/store/628l1kvbpqzarqpggrspr
yppd8zk54jz-TeXLive-linkdir/texmf-dist/fonts/type1/public/amsfonts/cm/cmbx12.pf
b></nix/store/628l1kvbpqzarqpggrspryppd8zk54jz-TeXLive-linkdir/texmf-dist/fonts
/type1/public/amsfonts/cm/cmmi10.pfb></nix/store/628l1kvbpqzarqpggrspryppd8zk54
jz-TeXLive-linkdir/texmf-dist/fonts/type1/public/amsfonts/cm/cmr10.pfb></nix/st
ore/628l1kvbpqzarqpggrspryppd8zk54jz-TeXLive-linkdir/texmf-dist/fonts/type1/pub
lic/amsfonts/cm/cmr12.pfb></nix/store/628l1kvbpqzarqpggrspryppd8zk54jz-TeXLive-
linkdir/texmf-dist/fonts/type1/public/amsfonts/cm/cmr17.pfb></nix/store/628l1kv
bpqzarqpggrspryppd8zk54jz-TeXLive-linkdir/texmf-dist/fonts/type1/public/amsfont
s/cm/cmsy10.pfb>
Output written on proposal.pdf (2 pages, 95019 bytes).
PDF statistics:
 46 PDF objects out of 1000 (max. 8388607)
 33 compressed objects within 1 object stream
 0 named destinations out of 1000 (max. 500000)
 13 words of extra memory for PDF output out of 10000 (max. 10000000)

